<?xml version="1.0" encoding="UTF-8" ?>
<testsuite tests="1" failures="0" name="core.FilterTest" time="0.016" errors="0" skipped="0">
  <properties>
    <property name="java.runtime.name" value="OpenJDK Runtime Environment"/>
    <property name="java.vm.version" value="21.0.4+7-LTS"/>
    <property name="sun.boot.library.path" value="C:\Program Files\java-21-openjdk-21.0.4.0.7-1.win.jdk.x86_64\bin"/>
    <property name="user.country.format" value="CN"/>
    <property name="maven.multiModuleProjectDirectory" value="D:\Projects\tiny-spring\container"/>
    <property name="java.vm.vendor" value="Red Hat, Inc."/>
    <property name="java.vendor.url" value="https://access.redhat.com/"/>
    <property name="guice.disable.misplaced.annotation.check" value="true"/>
    <property name="path.separator" value=";"/>
    <property name="java.vm.name" value="OpenJDK 64-Bit Server VM"/>
    <property name="sun.os.patch.level" value=""/>
    <property name="user.script" value=""/>
    <property name="user.country" value="US"/>
    <property name="sun.java.launcher" value="SUN_STANDARD"/>
    <property name="java.vm.specification.name" value="Java Virtual Machine Specification"/>
    <property name="user.dir" value="D:\Projects\tiny-spring\container"/>
    <property name="java.vm.compressedOopsMode" value="32-bit"/>
    <property name="java.runtime.version" value="21.0.4+7-LTS"/>
    <property name="os.arch" value="amd64"/>
    <property name="java.io.tmpdir" value="C:\Users\10514\AppData\Local\Temp\"/>
    <property name="line.separator" value="
"/>
    <property name="java.vm.specification.vendor" value="Oracle Corporation"/>
    <property name="user.variant" value=""/>
    <property name="stderr.encoding" value="ms936"/>
    <property name="os.name" value="Windows 11"/>
    <property name="classworlds.conf" value="D:\Programs\apache-maven-3.8.8\bin\m2.conf"/>
    <property name="sun.jnu.encoding" value="GBK"/>
    <property name="stdout.encoding" value="ms936"/>
    <property name="java.library.path" value="C:\Program Files\java-21-openjdk-21.0.4.0.7-1.win.jdk.x86_64\bin;C:\WINDOWS\Sun\Java\bin;C:\WINDOWS\system32;C:\WINDOWS;C:\WINDOWS\system32;C:\WINDOWS;C:\WINDOWS\System32\Wbem;C:\WINDOWS\System32\WindowsPowerShell\v1.0\;C:\WINDOWS\System32\OpenSSH\;C:\Program Files\Git\cmd;D:\program files\gradle-8.1.1\bin;C:\Program Files\Git LFS;C:\Program Files\Microsoft VS Code\bin;D:\program files\TinyTeX\bin\windows;D:\Programs\apache-maven-3.8.8\bin;C:\Program Files\Calibre2\;D:\program files\Racket;C:\Users\10514\AppData\Local\Programs\Python\Python312;C:\Program Files\java-21-openjdk-21.0.4.0.7-1.win.jdk.x86_64\bin;C:\Users\10514\AppData\Local\Microsoft\WindowsApps;C:\Users\10514\AppData\Roaming\TinyTeX\bin\windows;;."/>
    <property name="maven.conf" value="D:\Programs\apache-maven-3.8.8/conf"/>
    <property name="jdk.debug" value="release"/>
    <property name="java.class.version" value="65.0"/>
    <property name="java.specification.name" value="Java Platform API Specification"/>
    <property name="sun.management.compiler" value="HotSpot 64-Bit Tiered Compilers"/>
    <property name="os.version" value="10.0"/>
    <property name="library.jansi.path" value="D:\Programs\apache-maven-3.8.8\lib\jansi-native"/>
    <property name="user.home" value="C:\Users\10514"/>
    <property name="user.timezone" value="Asia/Shanghai"/>
    <property name="file.encoding" value="UTF-8"/>
    <property name="java.specification.version" value="21"/>
    <property name="user.name" value="10514"/>
    <property name="java.class.path" value="D:\Programs\apache-maven-3.8.8\boot\plexus-classworlds-2.6.0.jar"/>
    <property name="java.vm.specification.version" value="21"/>
    <property name="sun.arch.data.model" value="64"/>
    <property name="sun.java.command" value="org.codehaus.plexus.classworlds.launcher.Launcher test"/>
    <property name="java.home" value="C:\Program Files\java-21-openjdk-21.0.4.0.7-1.win.jdk.x86_64"/>
    <property name="user.language" value="en"/>
    <property name="java.specification.vendor" value="Oracle Corporation"/>
    <property name="user.language.format" value="zh"/>
    <property name="java.vm.info" value="mixed mode, sharing"/>
    <property name="java.version" value="21.0.4"/>
    <property name="native.encoding" value="GBK"/>
    <property name="java.vendor" value="Red Hat, Inc."/>
    <property name="maven.home" value="D:\Programs\apache-maven-3.8.8"/>
    <property name="file.separator" value="\"/>
    <property name="java.version.date" value="2024-07-16"/>
    <property name="java.vendor.url.bug" value="https://bugzilla.redhat.com/enter_bug.cgi"/>
    <property name="sun.io.unicode.encoding" value="UnicodeLittle"/>
    <property name="sun.cpu.endian" value="little"/>
    <property name="java.vendor.version" value="(Red_Hat-21.0.4.0+7-1)"/>
    <property name="sun.cpu.isalist" value="amd64"/>
  </properties>
  <testcase classname="core.FilterTest" name="core.FilterTest.test_Match" time="0.016"/>
</testsuite>